[2026-03-13 04:00:53] 开始同步记忆文件到 NotebookLM...
保留日期范围: 2026-02-13 至今
已同步 MEMORY.md
已同步 reflections 目录
[2026-03-13 04:00:53] 同步完成
- 同步文件数: 74
- 跳过文件数: 0 (超过 4 周)
- 目标目录: /Users/lucifinil_chen/.openclaw/workspace/openclaw-docs/troubleshooting/memory-archive
[2026-03-14 08:31:06] 开始同步记忆文件到 NotebookLM...
保留日期范围: 2026-02-14 至今
已同步 MEMORY.md
已同步 reflections 目录
[2026-03-14 08:31:06] 同步完成
- 同步文件数: 76
- 跳过文件数: 0 (超过 4 周)
- 目标目录: /Users/lucifinil_chen/.openclaw/workspace/openclaw-docs/troubleshooting/memory-archive
[2026-03-14 08:38:12] 开始同步记忆文件到 NotebookLM staging...
保留日期范围: 2026-02-14 至今
已同步 MEMORY.md
已同步 reflections 目录
已同步额外文件: high-priority-sync-20260314-083810.md
[2026-03-14 08:38:12] 同步完成
- 同步文件数: 76
- 跳过文件数: 0 (超过 4 周)
- 额外文件数: 1
- 目标目录: /Users/lucifinil_chen/.openclaw/workspace/openclaw-docs/troubleshooting/memory-archive
[2026-03-14 08:45:51] 开始同步记忆文件到 NotebookLM staging...
保留日期范围: 2026-02-14 至今
已同步 MEMORY.md
已同步 reflections 目录
[2026-03-14 08:45:51] 同步完成
- 同步文件数: 77
- 跳过文件数: 0 (超过 4 周)
- 额外文件数: 0
- 目标目录: /Users/lucifinil_chen/.openclaw/workspace/openclaw-docs/troubleshooting/memory-archive
[2026-03-14 08:58:54] 开始同步记忆文件到 NotebookLM staging...
保留日期范围: 2026-02-14 至今
已同步 MEMORY.md
已同步 reflections 目录
[2026-03-14 08:58:54] 同步完成
- 同步文件数: 77
- 跳过文件数: 0 (超过 4 周)
- 额外文件数: 0
- 目标目录: /Users/lucifinil_chen/.openclaw/workspace/openclaw-docs/troubleshooting/memory-archive
